# JRE version: OpenJDK Runtime Environment (8.0_202) (build 1.8.0_202-release-1483-b49-5587405)
# Java VM: OpenJDK 64-Bit Server VM (25.202-b49-5587405 mixed mode bsd-amd64 compressed oops)
Heap:
 PSYoungGen      total 146944K, used 61756K [0x00000007aab00000, 0x00000007b5200000, 0x00000007c0000000)
  eden space 130560K, 34% used [0x00000007aab00000,0x00000007ad77dea0,0x00000007b2a80000)
  from space 16384K, 98% used [0x00000007b3d00000,0x00000007b4cd14f8,0x00000007b4d00000)
  to   space 18944K, 0% used [0x00000007b2a80000,0x00000007b2a80000,0x00000007b3d00000)
 ParOldGen       total 87552K, used 24148K [0x0000000780000000, 0x0000000785580000, 0x00000007aab00000)
  object space 87552K, 27% used [0x0000000780000000,0x00000007817950b0,0x0000000785580000)
 Metaspace       used 6377K, capacity 7220K, committed 7296K, reserved 1056768K
  class space    used 606K, capacity 620K, committed 640K, reserved 1048576K
GC Heap History (10 events):
Event: 4.371 GC heap before
{Heap before GC invocations=2 (full 0):
 PSYoungGen      total 38400K, used 38386K [0x00000007aab00000, 0x00000007ad580000, 0x00000007c0000000)
  eden space 33280K, 100% used [0x00000007aab00000,0x00000007acb80000,0x00000007acb80000)
  from space 5120K, 99% used [0x00000007acb80000,0x00000007ad07c978,0x00000007ad080000)
  to   space 5120K, 0% used [0x00000007ad080000,0x00000007ad080000,0x00000007ad580000)
 ParOldGen       total 87552K, used 126K [0x0000000780000000, 0x0000000785580000, 0x00000007aab00000)
  object space 87552K, 0% used [0x0000000780000000,0x000000078001fa20,0x0000000785580000)
 Metaspace       used 5988K, capacity 6960K, committed 7040K, reserved 1056768K
  class space    used 586K, capacity 616K, committed 640K, reserved 1048576K
Event: 4.385 GC heap after
Heap after GC invocations=2 (full 0):
 PSYoungGen      total 38400K, used 5088K [0x00000007aab00000, 0x00000007ad580000, 0x00000007c0000000)
  eden space 33280K, 0% used [0x00000007aab00000,0x00000007aab00000,0x00000007acb80000)
  from space 5120K, 99% used [0x00000007ad080000,0x00000007ad578178,0x00000007ad580000)
  to   space 5120K, 0% used [0x00000007acb80000,0x00000007acb80000,0x00000007ad080000)
 ParOldGen       total 87552K, used 4051K [0x0000000780000000, 0x0000000785580000, 0x00000007aab00000)
  object space 87552K, 4% used [0x0000000780000000,0x00000007803f4fa0,0x0000000785580000)
 Metaspace       used 5988K, capacity 6960K, committed 7040K, reserved 1056768K
  class space    used 586K, capacity 616K, committed 640K, reserved 1048576K
}
Event: 5.209 GC heap before
{Heap before GC invocations=3 (full 0):
 PSYoungGen      total 38400K, used 38368K [0x00000007aab00000, 0x00000007ad580000, 0x00000007c0000000)
  eden space 33280K, 100% used [0x00000007aab00000,0x00000007acb80000,0x00000007acb80000)
  from space 5120K, 99% used [0x00000007ad080000,0x00000007ad578178,0x00000007ad580000)
  to   space 5120K, 0% used [0x00000007acb80000,0x00000007acb80000,0x00000007ad080000)
 ParOldGen       total 87552K, used 4051K [0x0000000780000000, 0x0000000785580000, 0x00000007aab00000)
  object space 87552K, 4% used [0x0000000780000000,0x00000007803f4fa0,0x0000000785580000)
 Metaspace       used 6043K, capacity 6960K, committed 7040K, reserved 1056768K
  class space    used 586K, capacity 616K, committed 640K, reserved 1048576K
Event: 5.235 GC heap after
Heap after GC invocations=3 (full 0):
 PSYoungGen      total 38400K, used 5106K [0x00000007aab00000, 0x00000007af600000, 0x00000007c0000000)
  eden space 33280K, 0% used [0x00000007aab00000,0x00000007aab00000,0x00000007acb80000)
  from space 5120K, 99% used [0x00000007acb80000,0x00000007ad07c8d8,0x00000007ad080000)
  to   space 5120K, 0% used [0x00000007af100000,0x00000007af100000,0x00000007af600000)
 ParOldGen       total 87552K, used 9153K [0x0000000780000000, 0x0000000785580000, 0x00000007aab00000)
  object space 87552K, 10% used [0x0000000780000000,0x00000007808f0600,0x0000000785580000)
 Metaspace       used 6043K, capacity 6960K, committed 7040K, reserved 1056768K
  class space    used 586K, capacity 616K, committed 640K, reserved 1048576K
}
Event: 5.820 GC heap before
{Heap before GC invocations=4 (full 0):
 PSYoungGen      total 38400K, used 38386K [0x00000007aab00000, 0x00000007af600000, 0x00000007c0000000)
  eden space 33280K, 100% used [0x00000007aab00000,0x00000007acb80000,0x00000007acb80000)
  from space 5120K, 99% used [0x00000007acb80000,0x00000007ad07c8d8,0x00000007ad080000)
  to   space 5120K, 0% used [0x00000007af100000,0x00000007af100000,0x00000007af600000)
 ParOldGen       total 87552K, used 9153K [0x0000000780000000, 0x0000000785580000, 0x00000007aab00000)
  object space 87552K, 10% used [0x0000000780000000,0x00000007808f0600,0x0000000785580000)
 Metaspace       used 6046K, capacity 6960K, committed 7040K, reserved 1056768K
  class space    used 586K, capacity 616K, committed 640K, reserved 1048576K
Event: 5.850 GC heap after
Heap after GC invocations=4 (full 0):
 PSYoungGen      total 71680K, used 5109K [0x00000007aab00000, 0x00000007af600000, 0x00000007c0000000)
  eden space 66560K, 0% used [0x00000007aab00000,0x00000007aab00000,0x00000007aec00000)
  from space 5120K, 99% used [0x00000007af100000,0x00000007af5fd4e8,0x00000007af600000)
  to   space 5120K, 0% used [0x00000007aec00000,0x00000007aec00000,0x00000007af100000)
 ParOldGen       total 87552K, used 14125K [0x0000000780000000, 0x0000000785580000, 0x00000007aab00000)
  object space 87552K, 16% used [0x0000000780000000,0x0000000780dcb6e8,0x0000000785580000)
 Metaspace       used 6046K, capacity 6960K, committed 7040K, reserved 1056768K
  class space    used 586K, capacity 616K, committed 640K, reserved 1048576K
}
Event: 7.139 GC heap before
{Heap before GC invocations=5 (full 0):
 PSYoungGen      total 71680K, used 71669K [0x00000007aab00000, 0x00000007af600000, 0x00000007c0000000)
  eden space 66560K, 100% used [0x00000007aab00000,0x00000007aec00000,0x00000007aec00000)
  from space 5120K, 99% used [0x00000007af100000,0x00000007af5fd4e8,0x00000007af600000)
  to   space 5120K, 0% used [0x00000007aec00000,0x00000007aec00000,0x00000007af100000)
 ParOldGen       total 87552K, used 14125K [0x0000000780000000, 0x0000000785580000, 0x00000007aab00000)
  object space 87552K, 16% used [0x0000000780000000,0x0000000780dcb6e8,0x0000000785580000)
 Metaspace       used 6094K, capacity 7024K, committed 7296K, reserved 1056768K
  class space    used 586K, capacity 616K, committed 640K, reserved 1048576K
Event: 7.180 GC heap after
Heap after GC invocations=5 (full 0):
 PSYoungGen      total 71680K, used 5093K [0x00000007aab00000, 0x00000007b4d00000, 0x00000007c0000000)
  eden space 66560K, 0% used [0x00000007aab00000,0x00000007aab00000,0x00000007aec00000)
  from space 5120K, 99% used [0x00000007aec00000,0x00000007af0f94d8,0x00000007af100000)
  to   space 16384K, 0% used [0x00000007b3d00000,0x00000007b3d00000,0x00000007b4d00000)
 ParOldGen       total 87552K, used 24148K [0x0000000780000000, 0x0000000785580000, 0x00000007aab00000)
  object space 87552K, 27% used [0x0000000780000000,0x00000007817950b0,0x0000000785580000)
 Metaspace       used 6094K, capacity 7024K, committed 7296K, reserved 1056768K
  class space    used 586K, capacity 616K, committed 640K, reserved 1048576K
}
Event: 8.514 GC heap before
{Heap before GC invocations=6 (full 0):
 PSYoungGen      total 71680K, used 71653K [0x00000007aab00000, 0x00000007b4d00000, 0x00000007c0000000)
  eden space 66560K, 100% used [0x00000007aab00000,0x00000007aec00000,0x00000007aec00000)
  from space 5120K, 99% used [0x00000007aec00000,0x00000007af0f94d8,0x00000007af100000)
  to   space 16384K, 0% used [0x00000007b3d00000,0x00000007b3d00000,0x00000007b4d00000)
 ParOldGen       total 87552K, used 24148K [0x0000000780000000, 0x0000000785580000, 0x00000007aab00000)
  object space 87552K, 27% used [0x0000000780000000,0x00000007817950b0,0x0000000785580000)
 Metaspace       used 6202K, capacity 7152K, committed 7296K, reserved 1056768K
  class space    used 586K, capacity 616K, committed 640K, reserved 1048576K
Event: 8.547 GC heap after
Heap after GC invocations=6 (full 0):
 PSYoungGen      total 146944K, used 16197K [0x00000007aab00000, 0x00000007b5200000, 0x00000007c0000000)
  eden space 130560K, 0% used [0x00000007aab00000,0x00000007aab00000,0x00000007b2a80000)
  from space 16384K, 98% used [0x00000007b3d00000,0x00000007b4cd14f8,0x00000007b4d00000)
  to   space 18944K, 0% used [0x00000007b2a80000,0x00000007b2a80000,0x00000007b3d00000)
 ParOldGen       total 87552K, used 24148K [0x0000000780000000, 0x0000000785580000, 0x00000007aab00000)
  object space 87552K, 27% used [0x0000000780000000,0x00000007817950b0,0x0000000785580000)
 Metaspace       used 6202K, capacity 7152K, committed 7296K, reserved 1056768K
  class space    used 586K, capacity 616K, committed 640K, reserved 1048576K
}

